{
  "RSpec": {
    "coverage": {
      "/Users/xinwang/Projects/Driftrock/spec/api_spec.rb": [
        1,
        1,
        null,
        1,
        3,
        null,
        1,
        null,
        1,
        1,
        null,
        null,
        1,
        null,
        1,
        2,
        null,
        null
      ],
      "/Users/xinwang/Projects/Driftrock/lib/api.rb": [
        1,
        null,
        1,
        1,
        null,
        1,
        2,
        2,
        null,
        null,
        1,
        1,
        0,
        0,
        0,
        0,
        0,
        0,
        0,
        0,
        null,
        null,
        null,
        null,
        null,
        1,
        2,
        null,
        null,
        null
      ]
    },
    "timestamp": 1519678388
  }
}
