{
  "RSpec": {
    "coverage": {
      "/Users/xinwang/Projects/Driftrock/spec/app_spec.rb": [
        1,
        1,
        null,
        1,
        3,
        1,
        null,
        1,
        null,
        null,
        null,
        null,
        null,
        null,
        null,
        null,
        null,
        null,
        null,
        null,
        null,
        null,
        1,
        null,
        null,
        null,
        null,
        null,
        null,
        null,
        null,
        null,
        null,
        null,
        null,
        null,
        null,
        null,
        1,
        1,
        1,
        1,
        1,
        1,
        2,
        2,
        null,
        2,
        null,
        null,
        2,
        null,
        null,
        null,
        2,
        null,
        null,
        null,
        2,
        null,
        null,
        null,
        2,
        null,
        null,
        null,
        null,
        null,
        1,
        1,
        null,
        null,
        1,
        1,
        null,
        null,
        null,
        null
      ],
      "/Users/xinwang/Projects/Driftrock/lib/app.rb": [
        1,
        null,
        1,
        null,
        1,
        null,
        1,
        2,
        2,
        null,
        null,
        1,
        3,
        1,
        4,
        2,
        1,
        null,
        null,
        1,
        1,
        4,
        1,
        null,
        null,
        1,
        3,
        1,
        null,
        null,
        null,
        null
      ],
      "/Users/xinwang/Projects/Driftrock/lib/api.rb": [
        1,
        null,
        1,
        1,
        null,
        1,
        2,
        2,
        null,
        null,
        1,
        4,
        4,
        4,
        4,
        4,
        8,
        8,
        4,
        4,
        null,
        4,
        null,
        null,
        1,
        4,
        null,
        null,
        null,
        null,
        null
      ]
    },
    "timestamp": 1519778494
  }
}
